# JRE version: Java(TM) SE Runtime Environment (8.0_72-b15) (build 1.8.0_72-b15)
# Java VM: Java HotSpot(TM) 64-Bit Server VM (25.72-b15 mixed mode linux-amd64 compressed oops)
Heap:
 PSYoungGen      total 30720K, used 16834K [0x00000000ed800000, 0x00000000f0f80000, 0x0000000100000000)
  eden space 14848K, 45% used [0x00000000ed800000,0x00000000edeaa3b8,0x00000000ee680000)
  from space 15872K, 63% used [0x00000000ee680000,0x00000000ef046558,0x00000000ef600000)
  to   space 15872K, 0% used [0x00000000f0000000,0x00000000f0000000,0x00000000f0f80000)
 ParOldGen       total 62464K, used 28120K [0x00000000c8800000, 0x00000000cc500000, 0x00000000ed800000)
  object space 62464K, 45% used [0x00000000c8800000,0x00000000ca376130,0x00000000cc500000)
 Metaspace       used 23071K, capacity 24260K, committed 24576K, reserved 1071104K
  class space    used 3226K, capacity 3491K, committed 3584K, reserved 1048576K
GC Heap History (10 events):
Event: 23,353 GC heap before
{Heap before GC invocations=4 (full 0):
 PSYoungGen      total 16896K, used 16638K [0x00000000ed800000, 0x00000000eea80000, 0x0000000100000000)
  eden space 14848K, 98% used [0x00000000ed800000,0x00000000ee643940,0x00000000ee680000)
  from space 2048K, 99% used [0x00000000ee680000,0x00000000ee87c038,0x00000000ee880000)
  to   space 2048K, 0% used [0x00000000ee880000,0x00000000ee880000,0x00000000eea80000)
 ParOldGen       total 38400K, used 10127K [0x00000000c8800000, 0x00000000cad80000, 0x00000000ed800000)
  object space 38400K, 26% used [0x00000000c8800000,0x00000000c91e3ca8,0x00000000cad80000)
 Metaspace       used 17852K, capacity 18624K, committed 18944K, reserved 1064960K
  class space    used 2499K, capacity 2727K, committed 2816K, reserved 1048576K
Event: 23,382 GC heap after
Heap after GC invocations=4 (full 0):
 PSYoungGen      total 16896K, used 2032K [0x00000000ed800000, 0x00000000eea80000, 0x0000000100000000)
  eden space 14848K, 0% used [0x00000000ed800000,0x00000000ed800000,0x00000000ee680000)
  from space 2048K, 99% used [0x00000000ee880000,0x00000000eea7c038,0x00000000eea80000)
  to   space 2048K, 0% used [0x00000000ee680000,0x00000000ee680000,0x00000000ee880000)
 ParOldGen       total 38400K, used 21234K [0x00000000c8800000, 0x00000000cad80000, 0x00000000ed800000)
  object space 38400K, 55% used [0x00000000c8800000,0x00000000c9cbcb20,0x00000000cad80000)
 Metaspace       used 17852K, capacity 18624K, committed 18944K, reserved 1064960K
  class space    used 2499K, capacity 2727K, committed 2816K, reserved 1048576K
}
Event: 25,170 GC heap before
{Heap before GC invocations=5 (full 0):
 PSYoungGen      total 16896K, used 16880K [0x00000000ed800000, 0x00000000eea80000, 0x0000000100000000)
  eden space 14848K, 100% used [0x00000000ed800000,0x00000000ee680000,0x00000000ee680000)
  from space 2048K, 99% used [0x00000000ee880000,0x00000000eea7c038,0x00000000eea80000)
  to   space 2048K, 0% used [0x00000000ee680000,0x00000000ee680000,0x00000000ee880000)
 ParOldGen       total 38400K, used 21234K [0x00000000c8800000, 0x00000000cad80000, 0x00000000ed800000)
  object space 38400K, 55% used [0x00000000c8800000,0x00000000c9cbcb20,0x00000000cad80000)
 Metaspace       used 18979K, capacity 19752K, committed 19840K, reserved 1067008K
  class space    used 2694K, capacity 2915K, committed 2944K, reserved 1048576K
Event: 25,198 GC heap after
Heap after GC invocations=5 (full 0):
 PSYoungGen      total 16896K, used 2032K [0x00000000ed800000, 0x00000000f0580000, 0x0000000100000000)
  eden space 14848K, 0% used [0x00000000ed800000,0x00000000ed800000,0x00000000ee680000)
  from space 2048K, 99% used [0x00000000ee680000,0x00000000ee87c038,0x00000000ee880000)
  to   space 15872K, 0% used [0x00000000ef600000,0x00000000ef600000,0x00000000f0580000)
 ParOldGen       total 38400K, used 30992K [0x00000000c8800000, 0x00000000cad80000, 0x00000000ed800000)
  object space 38400K, 80% used [0x00000000c8800000,0x00000000ca644280,0x00000000cad80000)
 Metaspace       used 18979K, capacity 19752K, committed 19840K, reserved 1067008K
  class space    used 2694K, capacity 2915K, committed 2944K, reserved 1048576K
}
Event: 25,198 GC heap before
{Heap before GC invocations=6 (full 1):
 PSYoungGen      total 16896K, used 2032K [0x00000000ed800000, 0x00000000f0580000, 0x0000000100000000)
  eden space 14848K, 0% used [0x00000000ed800000,0x00000000ed800000,0x00000000ee680000)
  from space 2048K, 99% used [0x00000000ee680000,0x00000000ee87c038,0x00000000ee880000)
  to   space 15872K, 0% used [0x00000000ef600000,0x00000000ef600000,0x00000000f0580000)
 ParOldGen       total 38400K, used 30992K [0x00000000c8800000, 0x00000000cad80000, 0x00000000ed800000)
  object space 38400K, 80% used [0x00000000c8800000,0x00000000ca644280,0x00000000cad80000)
 Metaspace       used 18979K, capacity 19752K, committed 19840K, reserved 1067008K
  class space    used 2694K, capacity 2915K, committed 2944K, reserved 1048576K
Event: 25,304 GC heap after
Heap after GC invocations=6 (full 1):
 PSYoungGen      total 16896K, used 0K [0x00000000ed800000, 0x00000000f0580000, 0x0000000100000000)
  eden space 14848K, 0% used [0x00000000ed800000,0x00000000ed800000,0x00000000ee680000)
  from space 2048K, 0% used [0x00000000ee680000,0x00000000ee680000,0x00000000ee880000)
  to   space 15872K, 0% used [0x00000000ef600000,0x00000000ef600000,0x00000000f0580000)
 ParOldGen       total 62464K, used 28104K [0x00000000c8800000, 0x00000000cc500000, 0x00000000ed800000)
  object space 62464K, 44% used [0x00000000c8800000,0x00000000ca372130,0x00000000cc500000)
 Metaspace       used 18979K, capacity 19752K, committed 19840K, reserved 1067008K
  class space    used 2694K, capacity 2915K, committed 2944K, reserved 1048576K
}
Event: 29,202 GC heap before
{Heap before GC invocations=7 (full 1):
 PSYoungGen      total 16896K, used 14707K [0x00000000ed800000, 0x00000000f0580000, 0x0000000100000000)
  eden space 14848K, 99% used [0x00000000ed800000,0x00000000ee65cc90,0x00000000ee680000)
  from space 2048K, 0% used [0x00000000ee680000,0x00000000ee680000,0x00000000ee880000)
  to   space 15872K, 0% used [0x00000000ef600000,0x00000000ef600000,0x00000000f0580000)
 ParOldGen       total 62464K, used 28104K [0x00000000c8800000, 0x00000000cc500000, 0x00000000ed800000)
  object space 62464K, 44% used [0x00000000c8800000,0x00000000ca372130,0x00000000cc500000)
 Metaspace       used 21782K, capacity 22916K, committed 23168K, reserved 1069056K
  class space    used 3078K, capacity 3353K, committed 3456K, reserved 1048576K
Event: 29,224 GC heap after
Heap after GC invocations=7 (full 1):
 PSYoungGen      total 30720K, used 4505K [0x00000000ed800000, 0x00000000f0e80000, 0x0000000100000000)
  eden space 14848K, 0% used [0x00000000ed800000,0x00000000ed800000,0x00000000ee680000)
  from space 15872K, 28% used [0x00000000ef600000,0x00000000efa66748,0x00000000f0580000)
  to   space 15872K, 0% used [0x00000000ee680000,0x00000000ee680000,0x00000000ef600000)
 ParOldGen       total 62464K, used 28112K [0x00000000c8800000, 0x00000000cc500000, 0x00000000ed800000)
  object space 62464K, 45% used [0x00000000c8800000,0x00000000ca374130,0x00000000cc500000)
 Metaspace       used 21782K, capacity 22916K, committed 23168K, reserved 1069056K
  class space    used 3078K, capacity 3353K, committed 3456K, reserved 1048576K
}
Event: 30,777 GC heap before
{Heap before GC invocations=8 (full 1):
 PSYoungGen      total 30720K, used 19353K [0x00000000ed800000, 0x00000000f0e80000, 0x0000000100000000)
  eden space 14848K, 100% used [0x00000000ed800000,0x00000000ee680000,0x00000000ee680000)
  from space 15872K, 28% used [0x00000000ef600000,0x00000000efa66748,0x00000000f0580000)
  to   space 15872K, 0% used [0x00000000ee680000,0x00000000ee680000,0x00000000ef600000)
 ParOldGen       total 62464K, used 28112K [0x00000000c8800000, 0x00000000cc500000, 0x00000000ed800000)
  object space 62464K, 45% used [0x00000000c8800000,0x00000000ca374130,0x00000000cc500000)
 Metaspace       used 22386K, capacity 23574K, committed 23680K, reserved 1069056K
  class space    used 3140K, capacity 3408K, committed 3456K, reserved 1048576K
Event: 30,799 GC heap after
Heap after GC invocations=8 (full 1):
 PSYoungGen      total 30720K, used 10009K [0x00000000ed800000, 0x00000000f0f80000, 0x0000000100000000)
  eden space 14848K, 0% used [0x00000000ed800000,0x00000000ed800000,0x00000000ee680000)
  from space 15872K, 63% used [0x00000000ee680000,0x00000000ef046558,0x00000000ef600000)
  to   space 15872K, 0% used [0x00000000f0000000,0x00000000f0000000,0x00000000f0f80000)
 ParOldGen       total 62464K, used 28120K [0x00000000c8800000, 0x00000000cc500000, 0x00000000ed800000)
  object space 62464K, 45% used [0x00000000c8800000,0x00000000ca376130,0x00000000cc500000)
 Metaspace       used 22386K, capacity 23574K, committed 23680K, reserved 1069056K
  class space    used 3140K, capacity 3408K, committed 3456K, reserved 1048576K
}

