# JRE version: Java(TM) SE Runtime Environment (8.0_91-b14) (build 1.8.0_91-b14)
# Java VM: Java HotSpot(TM) 64-Bit Server VM (25.91-b14 mixed mode linux-amd64 compressed oops)
Heap:
 PSYoungGen      total 34304K, used 24747K [0x00000000ebf80000, 0x00000000f0280000, 0x0000000100000000)
  eden space 31744K, 77% used [0x00000000ebf80000,0x00000000ed7aaf50,0x00000000ede80000)
  from space 2560K, 0% used [0x00000000ede80000,0x00000000ede80000,0x00000000ee100000)
  to   space 2560K, 0% used [0x00000000f0000000,0x00000000f0000000,0x00000000f0280000)
 ParOldGen       total 73216K, used 31821K [0x00000000c3e00000, 0x00000000c8580000, 0x00000000ebf80000)
  object space 73216K, 43% used [0x00000000c3e00000,0x00000000c5d134d0,0x00000000c8580000)
 Metaspace       used 22543K, capacity 23724K, committed 24064K, reserved 1069056K
  class space    used 3212K, capacity 3485K, committed 3584K, reserved 1048576K
GC Heap History (10 events):
Event: 6.672 GC heap before
{Heap before GC invocations=3 (full 0):
 PSYoungGen      total 18432K, used 6054K [0x00000000ebf80000, 0x00000000ee380000, 0x0000000100000000)
  eden space 15872K, 22% used [0x00000000ebf80000,0x00000000ec2edb80,0x00000000ecf00000)
  from space 2560K, 99% used [0x00000000ed180000,0x00000000ed3fc048,0x00000000ed400000)
  to   space 2560K, 0% used [0x00000000ecf00000,0x00000000ecf00000,0x00000000ed180000)
 ParOldGen       total 42496K, used 4945K [0x00000000c3e00000, 0x00000000c6780000, 0x00000000ebf80000)
  object space 42496K, 11% used [0x00000000c3e00000,0x00000000c42d4600,0x00000000c6780000)
 Metaspace       used 16920K, capacity 17562K, committed 17792K, reserved 1064960K
  class space    used 2412K, capacity 2602K, committed 2688K, reserved 1048576K
Event: 6.677 GC heap after
Heap after GC invocations=3 (full 0):
 PSYoungGen      total 18432K, used 2544K [0x00000000ebf80000, 0x00000000ee380000, 0x0000000100000000)
  eden space 15872K, 0% used [0x00000000ebf80000,0x00000000ebf80000,0x00000000ecf00000)
  from space 2560K, 99% used [0x00000000ecf00000,0x00000000ed17c048,0x00000000ed180000)
  to   space 2560K, 0% used [0x00000000ee100000,0x00000000ee100000,0x00000000ee380000)
 ParOldGen       total 42496K, used 6351K [0x00000000c3e00000, 0x00000000c6780000, 0x00000000ebf80000)
  object space 42496K, 14% used [0x00000000c3e00000,0x00000000c4433ed0,0x00000000c6780000)
 Metaspace       used 16920K, capacity 17562K, committed 17792K, reserved 1064960K
  class space    used 2412K, capacity 2602K, committed 2688K, reserved 1048576K
}
Event: 6.677 GC heap before
{Heap before GC invocations=4 (full 1):
 PSYoungGen      total 18432K, used 2544K [0x00000000ebf80000, 0x00000000ee380000, 0x0000000100000000)
  eden space 15872K, 0% used [0x00000000ebf80000,0x00000000ebf80000,0x00000000ecf00000)
  from space 2560K, 99% used [0x00000000ecf00000,0x00000000ed17c048,0x00000000ed180000)
  to   space 2560K, 0% used [0x00000000ee100000,0x00000000ee100000,0x00000000ee380000)
 ParOldGen       total 42496K, used 6351K [0x00000000c3e00000, 0x00000000c6780000, 0x00000000ebf80000)
  object space 42496K, 14% used [0x00000000c3e00000,0x00000000c4433ed0,0x00000000c6780000)
 Metaspace       used 16920K, capacity 17562K, committed 17792K, reserved 1064960K
  class space    used 2412K, capacity 2602K, committed 2688K, reserved 1048576K
Event: 6.732 GC heap after
Heap after GC invocations=4 (full 1):
 PSYoungGen      total 18432K, used 0K [0x00000000ebf80000, 0x00000000ee380000, 0x0000000100000000)
  eden space 15872K, 0% used [0x00000000ebf80000,0x00000000ebf80000,0x00000000ecf00000)
  from space 2560K, 0% used [0x00000000ecf00000,0x00000000ecf00000,0x00000000ed180000)
  to   space 2560K, 0% used [0x00000000ee100000,0x00000000ee100000,0x00000000ee380000)
 ParOldGen       total 42496K, used 8682K [0x00000000c3e00000, 0x00000000c6780000, 0x00000000ebf80000)
  object space 42496K, 20% used [0x00000000c3e00000,0x00000000c467aba0,0x00000000c6780000)
 Metaspace       used 16920K, capacity 17562K, committed 17792K, reserved 1064960K
  class space    used 2412K, capacity 2602K, committed 2688K, reserved 1048576K
}
Event: 6.838 GC heap before
{Heap before GC invocations=5 (full 1):
 PSYoungGen      total 18432K, used 14422K [0x00000000ebf80000, 0x00000000ee380000, 0x0000000100000000)
  eden space 15872K, 90% used [0x00000000ebf80000,0x00000000ecd95a30,0x00000000ecf00000)
  from space 2560K, 0% used [0x00000000ecf00000,0x00000000ecf00000,0x00000000ed180000)
  to   space 2560K, 0% used [0x00000000ee100000,0x00000000ee100000,0x00000000ee380000)
 ParOldGen       total 42496K, used 8682K [0x00000000c3e00000, 0x00000000c6780000, 0x00000000ebf80000)
  object space 42496K, 20% used [0x00000000c3e00000,0x00000000c467aba0,0x00000000c6780000)
 Metaspace       used 17070K, capacity 17752K, committed 18048K, reserved 1064960K
  class space    used 2437K, capacity 2639K, committed 2688K, reserved 1048576K
Event: 6.845 GC heap after
Heap after GC invocations=5 (full 1):
 PSYoungGen      total 34304K, used 2137K [0x00000000ebf80000, 0x00000000ee380000, 0x0000000100000000)
  eden space 31744K, 0% used [0x00000000ebf80000,0x00000000ebf80000,0x00000000ede80000)
  from space 2560K, 83% used [0x00000000ee100000,0x00000000ee316588,0x00000000ee380000)
  to   space 2560K, 0% used [0x00000000ede80000,0x00000000ede80000,0x00000000ee100000)
 ParOldGen       total 42496K, used 18096K [0x00000000c3e00000, 0x00000000c6780000, 0x00000000ebf80000)
  object space 42496K, 42% used [0x00000000c3e00000,0x00000000c4fac2d0,0x00000000c6780000)
 Metaspace       used 17070K, capacity 17752K, committed 18048K, reserved 1064960K
  class space    used 2437K, capacity 2639K, committed 2688K, reserved 1048576K
}
Event: 8.703 GC heap before
{Heap before GC invocations=6 (full 1):
 PSYoungGen      total 34304K, used 33881K [0x00000000ebf80000, 0x00000000ee380000, 0x0000000100000000)
  eden space 31744K, 100% used [0x00000000ebf80000,0x00000000ede80000,0x00000000ede80000)
  from space 2560K, 83% used [0x00000000ee100000,0x00000000ee316588,0x00000000ee380000)
  to   space 2560K, 0% used [0x00000000ede80000,0x00000000ede80000,0x00000000ee100000)
 ParOldGen       total 42496K, used 18096K [0x00000000c3e00000, 0x00000000c6780000, 0x00000000ebf80000)
  object space 42496K, 42% used [0x00000000c3e00000,0x00000000c4fac2d0,0x00000000c6780000)
 Metaspace       used 21261K, capacity 22350K, committed 22528K, reserved 1069056K
  class space    used 3066K, capacity 3316K, committed 3328K, reserved 1048576K
Event: 8.719 GC heap after
Heap after GC invocations=6 (full 1):
 PSYoungGen      total 34304K, used 2546K [0x00000000ebf80000, 0x00000000f0280000, 0x0000000100000000)
  eden space 31744K, 0% used [0x00000000ebf80000,0x00000000ebf80000,0x00000000ede80000)
  from space 2560K, 99% used [0x00000000ede80000,0x00000000ee0fcab0,0x00000000ee100000)
  to   space 2560K, 0% used [0x00000000f0000000,0x00000000f0000000,0x00000000f0280000)
 ParOldGen       total 42496K, used 29720K [0x00000000c3e00000, 0x00000000c6780000, 0x00000000ebf80000)
  object space 42496K, 69% used [0x00000000c3e00000,0x00000000c5b06078,0x00000000c6780000)
 Metaspace       used 21261K, capacity 22350K, committed 22528K, reserved 1069056K
  class space    used 3066K, capacity 3316K, committed 3328K, reserved 1048576K
}
Event: 8.719 GC heap before
{Heap before GC invocations=7 (full 2):
 PSYoungGen      total 34304K, used 2546K [0x00000000ebf80000, 0x00000000f0280000, 0x0000000100000000)
  eden space 31744K, 0% used [0x00000000ebf80000,0x00000000ebf80000,0x00000000ede80000)
  from space 2560K, 99% used [0x00000000ede80000,0x00000000ee0fcab0,0x00000000ee100000)
  to   space 2560K, 0% used [0x00000000f0000000,0x00000000f0000000,0x00000000f0280000)
 ParOldGen       total 42496K, used 29720K [0x00000000c3e00000, 0x00000000c6780000, 0x00000000ebf80000)
  object space 42496K, 69% used [0x00000000c3e00000,0x00000000c5b06078,0x00000000c6780000)
 Metaspace       used 21261K, capacity 22350K, committed 22528K, reserved 1069056K
  class space    used 3066K, capacity 3316K, committed 3328K, reserved 1048576K
Event: 8.809 GC heap after
Heap after GC invocations=7 (full 2):
 PSYoungGen      total 34304K, used 0K [0x00000000ebf80000, 0x00000000f0280000, 0x0000000100000000)
  eden space 31744K, 0% used [0x00000000ebf80000,0x00000000ebf80000,0x00000000ede80000)
  from space 2560K, 0% used [0x00000000ede80000,0x00000000ede80000,0x00000000ee100000)
  to   space 2560K, 0% used [0x00000000f0000000,0x00000000f0000000,0x00000000f0280000)
 ParOldGen       total 73216K, used 31821K [0x00000000c3e00000, 0x00000000c8580000, 0x00000000ebf80000)
  object space 73216K, 43% used [0x00000000c3e00000,0x00000000c5d134d0,0x00000000c8580000)
 Metaspace       used 21261K, capacity 22350K, committed 22528K, reserved 1069056K
  class space    used 3066K, capacity 3316K, committed 3328K, reserved 1048576K
}

